2023-04-02 21:38:54.911768 - Initialized conversion of CBT101
2023-04-02 21:38:55.126245 - Received CBT.V504.FILE101.PDS from FILE101.XMI 
2023-04-02 21:38:55.128822 - Found $$$$DISC.txt (text/plain) in CBT.V504.FILE101.PDS, moved to PDS/$$$$DISC
2023-04-02 21:38:55.130004 - Found $$$#DATE.txt (text/plain) in CBT.V504.FILE101.PDS, moved to PDS/$$$#DATE
2023-04-02 21:38:55.131045 - Found @FILE101.txt (text/plain) in CBT.V504.FILE101.PDS, moved to PDS/@FILE101
2023-04-02 21:38:55.132109 - Found ABRARCH1.txt (text/plain) in CBT.V504.FILE101.PDS, moved to PDS/ABRARCH1
2023-04-02 21:38:55.133147 - Found ABRARCH2.txt (text/plain) in CBT.V504.FILE101.PDS, moved to PDS/ABRARCH2
2023-04-02 21:38:55.134095 - Found ABRARCH3.txt (text/plain) in CBT.V504.FILE101.PDS, moved to PDS/ABRARCH3
2023-04-02 21:38:55.135019 - Found ABRARCH4.txt (text/plain) in CBT.V504.FILE101.PDS, moved to PDS/ABRARCH4
2023-04-02 21:38:55.136094 - Found ABRARCH5.txt (text/plain) in CBT.V504.FILE101.PDS, moved to PDS/ABRARCH5
2023-04-02 21:38:55.136983 - Found ABRARCH6.txt (text/plain) in CBT.V504.FILE101.PDS, moved to PDS/ABRARCH6
2023-04-02 21:38:55.137872 - Found ABRBKUP1.txt (text/plain) in CBT.V504.FILE101.PDS, moved to PDS/ABRBKUP1
2023-04-02 21:38:55.138757 - Found ABRBKUP2.txt (text/plain) in CBT.V504.FILE101.PDS, moved to PDS/ABRBKUP2
2023-04-02 21:38:55.139640 - Found ABRBKUP3.txt (text/plain) in CBT.V504.FILE101.PDS, moved to PDS/ABRBKUP3
2023-04-02 21:38:55.140546 - Found ABRBKUP4.txt (text/plain) in CBT.V504.FILE101.PDS, moved to PDS/ABRBKUP4
2023-04-02 21:38:55.141755 - Found ABRRPT1.txt (text/plain) in CBT.V504.FILE101.PDS, moved to PDS/ABRRPT1
2023-04-02 21:38:55.142826 - Found ABRRPT2.txt (text/plain) in CBT.V504.FILE101.PDS, moved to PDS/ABRRPT2
2023-04-02 21:38:55.144064 - Found ABRRPT3.txt (text/plain) in CBT.V504.FILE101.PDS, moved to PDS/ABRRPT3
2023-04-02 21:38:55.145173 - Found ABRRPT4.txt (text/plain) in CBT.V504.FILE101.PDS, moved to PDS/ABRRPT4
2023-04-02 21:38:55.146298 - Found ABRRPT5.txt (text/plain) in CBT.V504.FILE101.PDS, moved to PDS/ABRRPT5
2023-04-02 21:38:55.147347 - Found ABRRPT6.txt (text/plain) in CBT.V504.FILE101.PDS, moved to PDS/ABRRPT6
2023-04-02 21:38:55.148413 - Found ABRUIDCK.txt (text/plain) in CBT.V504.FILE101.PDS, moved to PDS/ABRUIDCK
2023-04-02 21:38:55.149486 - Found ABRVOLDF.txt (text/plain) in CBT.V504.FILE101.PDS, moved to PDS/ABRVOLDF
2023-04-02 21:38:55.150595 - Found ADDPASS.txt (text/plain) in CBT.V504.FILE101.PDS, moved to PDS/ADDPASS
2023-04-02 21:38:55.151607 - Found CHNGPASS.txt (text/plain) in CBT.V504.FILE101.PDS, moved to PDS/CHNGPASS
2023-04-02 21:38:55.152785 - Found DELPASS.txt (text/plain) in CBT.V504.FILE101.PDS, moved to PDS/DELPASS
2023-04-02 21:38:55.153893 - Found GENER1.txt (text/plain) in CBT.V504.FILE101.PDS, moved to PDS/GENER1
2023-04-02 21:38:55.154894 - Found INFOMGT1.txt (text/plain) in CBT.V504.FILE101.PDS, moved to PDS/INFOMGT1
2023-04-02 21:38:55.155992 - Found PLTCMPR.txt (text/plain) in CBT.V504.FILE101.PDS, moved to PDS/PLTCMPR
2023-04-02 21:38:55.157026 - Found S1ASM1.txt (text/plain) in CBT.V504.FILE101.PDS, moved to PDS/S1ASM1
2023-04-02 21:38:55.157994 - Found S1ASM1B.txt (text/plain) in CBT.V504.FILE101.PDS, moved to PDS/S1ASM1B
2023-04-02 21:38:55.159002 - Found S1OBJ1.txt (text/plain) in CBT.V504.FILE101.PDS, moved to PDS/S1OBJ1
2023-04-02 21:38:55.160209 - Found USERCOB.txt (text/plain) in CBT.V504.FILE101.PDS, moved to PDS/USERCOB
2023-04-02 21:38:55.161269 - Found USERCOBB.txt (text/plain) in CBT.V504.FILE101.PDS, moved to PDS/USERCOBB
2023-04-02 21:38:55.162255 - Found USERLNK.txt (text/plain) in CBT.V504.FILE101.PDS, moved to PDS/USERLNK
2023-04-02 21:38:55.163226 - Found USERLNKB.txt (text/plain) in CBT.V504.FILE101.PDS, moved to PDS/USERLNKB
2023-04-02 21:38:55.164561 - Found USERSELB.txt (text/plain) in CBT.V504.FILE101.PDS, moved to PDS/USERSELB
2023-04-02 21:38:55.165610 - Found VTOCCMD1.txt (text/plain) in CBT.V504.FILE101.PDS, moved to PDS/VTOCCMD1
